2020-07-07 22:19:04.286 INFO  jforex.tester.client.gui.TesterClientRunner - Connecting...
2020-07-07 22:19:04.634 INFO  com.dukascopy.api.impl.connect.AuthorizationClient - environment(jnlp.client.mode)=DEMO, platformInstanceId=null
2020-07-07 22:19:04.687 INFO  com.dukascopy.api.impl.connect.AuthorizationClient - Auth step 1 request [C7CB965721297B9673000E91D5285CC93C616A83]
2020-07-07 22:19:04.687 DEBUG com.dukascopy.api.impl.connect.AuthorizationClient - >> [https://login.dukascopy.com/authorization-1/demo/auth?munus=srp_api&passus=1&sermo=2652b12b-f54b-4336-8929-e2597eda74c0&putent_genus=0&appello=C7CB965721297B9673000E91D5285CC93C616A83&obsecro_id=2f56f1b3-673f-4a05-ada0-2100ed36cc6c&srp_versio=1]
2020-07-07 22:19:06.169 DEBUG com.dukascopy.api.impl.connect.AuthorizationClient - << [{"B":"58b83d77822e578fff9670b0806e160dba7c70495542ba8a1a5a7e47e7bf91961df436aec0771315776e50fd9ee481c279ea73b5bb9de707296b6d8da9db7450e577e851d5824f135e9b4d893177b0ed09a6577fd55a7e02f7f33c3462642896dd0f86082d2782d92b14dc9629b2e721bf490dcbb76e02b9dcc42d507bb4d0cec0c607baf686f8b492c2e6f1ccc079157641d86bdf774ae836d32f2af5dcd9a779c588eb5a38f43ff8184b74e2bac6818553e37fd21a44b18dec4b4ec3229036d11f6345a42f299f425c5ea91adb958de3abed444186b87c05461e70fb6ef1b6359c36f796cd634afea1fed1d9ea54fb03c723703b9fafab354b4c31caf6d4b2","S":"7d24391381013c95582579d713aff64a","G":"2","H":"SHA-256","K":"5b9e8ef059c6b32ea59fc1d322d37f04aa30bae5aa9003b8321e21ddb04e300","N":"ac6bdb41324a9a9bf166de5e1389582faf72b6651987ee07fc3192943db56050a37329cbb4a099ed8193e0757767a13dd52312ab4b03310dcd7f48a9da04fd50e8083969edb767b0cf6095179a163ab3661a05fbd5faaae82918a9962f0b93b855f97993ec975eeaa80d740adbf4ff747359d041d5c33ea71d281e446b14773bca97b43a23fb801676bd207a436c6481f1d2b9078717461a5b9d32e688f87748544523b524b0d57d5ea77a2775d2ecfa032cfbdbf52fb3786160279004e57ae6af874e7303ce53299ccc041c7bc308d82a5698f3a8d0c38271ae35f8e9dbfbb694b5c803d89f7ae435de236d525f54759b65e372fcd68ef20fa7111f9e4aff73","srp_versio":"1"}]
2020-07-07 22:19:06.175 INFO  com.dukascopy.api.impl.connect.AuthorizationClient - Auth step 1 response [ServerResponseObject [passwordServerResponse=Step1ServerResponse [serverPublicValueB=58b83d77822e578fff9670b0806e160dba7c70495542ba8a1a5a7e47e7bf91961df436aec0771315776e50fd9ee481c279ea73b5bb9de707296b6d8da9db7450e577e851d5824f135e9b4d893177b0ed09a6577fd55a7e02f7f33c3462642896dd0f86082d2782d92b14dc9629b2e721bf490dcbb76e02b9dcc42d507bb4d0cec0c607baf686f8b492c2e6f1ccc079157641d86bdf774ae836d32f2af5dcd9a779c588eb5a38f43ff8184b74e2bac6818553e37fd21a44b18dec4b4ec3229036d11f6345a42f299f425c5ea91adb958de3abed444186b87c05461e70fb6ef1b6359c36f796cd634afea1fed1d9ea54fb03c723703b9fafab354b4c31caf6d4b2, saltS=7d24391381013c95582579d713aff64a, safePrimeN=ac6bdb41324a9a9bf166de5e1389582faf72b6651987ee07fc3192943db56050a37329cbb4a099ed8193e0757767a13dd52312ab4b03310dcd7f48a9da04fd50e8083969edb767b0cf6095179a163ab3661a05fbd5faaae82918a9962f0b93b855f97993ec975eeaa80d740adbf4ff747359d041d5c33ea71d281e446b14773bca97b43a23fb801676bd207a436c6481f1d2b9078717461a5b9d32e688f87748544523b524b0d57d5ea77a2775d2ecfa032cfbdbf52fb3786160279004e57ae6af874e7303ce53299ccc041c7bc308d82a5698f3a8d0c38271ae35f8e9dbfbb694b5c803d89f7ae435de236d525f54759b65e372fcd68ef20fa7111f9e4aff73, correspondingGeneratorG=2, hashAlgorithmH=SHA-256, srpProtocolVersion=1], ]]
2020-07-07 22:19:06.275 INFO  com.dukascopy.api.impl.connect.AuthorizationClient - Auth step 2 request A [590851025156380897086434307889819866626563711200525123769515630242665498631347015649297380506517407272984535239956446310756141943125130320231400673093005563627524687380634792354216495313711728757535854519145522252600670846955371853294854519886369084007157518531906019474561667811943230645481269211618684548991734918355718730940468552216362402907469784241551903872120137508411338664892609707405603215066875212617472426734302701445144471295827253365379752851640830135280411926905832252118929561556787608566769691611745900104138561723491336198981527865762597070734210977206476609888023927374996911027093307758448686265], M1 [41369605206150180467098204264122642070150746862742668741564203029148954323313]
2020-07-07 22:19:06.275 DEBUG com.dukascopy.api.impl.connect.AuthorizationClient - >> [https://login.dukascopy.com/authorization-1/demo/auth?munus=srp_api&testimonium_nuntius=5b765de4d25617fc4437d1af921a8e6906532ae442f16d72f3218459a7e8e971&passus=2&publicus_pendo=4ae316d2bcd0d4dc51429c875356e0d68938599918c60815e22c62c89ed103fca50d3b0a2f11077b57fa568354e36f9935d603a2a04ea38652c8a456c53de4db20d1e27a089641c903f42d9cc9f2cea7910c736555f331706b64775fe2e91df27a29b3953b4b2747a5eba30c285fc7c691fb2daf56bdadcb9acd53e836ec601dae0d035a0a353835082a9e047bf1ce146d3ba9fd5e322fa58a79b77d40abea49a5a282c5dd255d10990433263ec01ca0ea982d0855b6a4e4baef59148fb5c65fc7b71248c47fff31e2b9c4ca6294acaae11b3d9beb279a57c512885c4b5460368ebe0760e3b1300d1152deac2034098af24ea7f2dad9163c2edb3a46c0b34b9&sermo=2652b12b-f54b-4336-8929-e2597eda74c0&putent_genus=0&obsecro_id=2f56f1b3-673f-4a05-ada0-2100ed36cc6c&srp_versio=1]
2020-07-07 22:19:06.724 DEBUG com.dukascopy.api.impl.connect.AuthorizationClient - << [{"M2":"edb682f8cebf7936798ff13ac4b7afc76c99e7f46a63037e5d35f08bea6cb254","srp_versio":"1"}]
2020-07-07 22:19:06.724 INFO  com.dukascopy.api.impl.connect.AuthorizationClient - Auth step 2 response [ServerResponseObject [passwordServerResponse=Step2ServerResponse [serverEvidenceMessageM2=edb682f8cebf7936798ff13ac4b7afc76c99e7f46a63037e5d35f08bea6cb254, srpProtocolVersion=1], ]]
2020-07-07 22:19:06.724 INFO  com.dukascopy.api.impl.connect.AuthorizationClient - Auth step 3 request
2020-07-07 22:19:06.724 DEBUG com.dukascopy.api.impl.connect.AuthorizationClient - >> [https://login.dukascopy.com/authorization-1/demo/auth?munus=srp_api&passus=3&sermo=2652b12b-f54b-4336-8929-e2597eda74c0&versio=318.4.101&willPing=true&occasus_content_vulgate=0&putent_genus=0&occasus=true&platform=DDS3_JFOREXSDK&obsecro_id=2f56f1b3-673f-4a05-ada0-2100ed36cc6c&srp_versio=1]
2020-07-07 22:19:07.579 DEBUG com.dukascopy.api.impl.connect.AuthorizationClient - << [{"occasus":"rO0ABXNyABRqYXZhLnV0aWwuUHJvcGVydGllczkS0HpwNj6YAgABTAAIZGVmYXVsdHN0ABZMamF2\r\nYS91dGlsL1Byb3BlcnRpZX...","authApiURLs":["d-ja-gva-121-130-118.dukascopy.com:10443","d-ja-usa-e-96-4-a.dukascopy.com:10443","d-ja-sgn-04-b.dukascopy.com:10443","d-ja-jpn-102-100-c.dukascopy.com:10443","d-ja-hk-110-05.dukascopy.online:10443","d-ja-msk-10.dukascopy.com:10443","d-ja-hk-111-4.dukascopy.online:10443"],"srp_versio":"1"}]
2020-07-07 22:19:07.595 INFO  com.dukascopy.api.impl.connect.AuthorizationClient - Auth step 3 response [ServerResponseObject [passwordServerResponse=Step3ServerResponse [serverResponse={"occasus":"rO0ABXNyABRqYXZhLnV0aWwuUHJvcGVydGllczkS0HpwNj6YAgABTAAIZGVmYXVsdHN0ABZMamF2\r\nYS91dGlsL1Byb3BlcnRpZX...","authApiURLs":["d-ja-gva-121-130-118.dukascopy.com:10443","d-ja-usa-e-96-4-a.dukascopy.com:10443","d-ja-sgn-04-b.dukascopy.com:10443","d-ja-jpn-102-100-c.dukascopy.com:10443","d-ja-hk-110-05.dukascopy.online:10443","d-ja-msk-10.dukascopy.com:10443","d-ja-hk-111-4.dukascopy.online:10443"],"srp_versio":"1"}], responseHeaderFields={Transfer-Encoding=[chunked], null=[HTTP/1.1 200], idle-session-ttl=[900000], CF-RAY=[5af440ed0ba5cd3e-FCO], Server=[cloudflare], Connection=[keep-alive], Client-Country=[IT], Pragma=[no-cache], Last-Modified=[Tue, 07 Jul 2020 20:18:15 GMT], Date=[Tue, 07 Jul 2020 20:18:15 GMT], CF-Cache-Status=[DYNAMIC], Cache-Control=[no-cache, must-revalidate, no-store, max-age=0], Access-Control-Allow-Credentials=[true], Client-IP=[151.64.131.216], Vary=[Accept-Encoding], Set-Cookie=[__cfduid=d85b21fdc32fcd72d52f3523b33b129811594153095; expires=Thu, 06-Aug-20 20:18:15 GMT; path=/; domain=.dukascopy.com; HttpOnly; SameSite=Lax], Expires=[Thu, 01 Jan 1970 00:00:00 GMT], Expect-CT=[max-age=604800, report-uri="https://report-uri.cloudflare.com/cdn-cgi/beacon/expect-ct"], cf-request-id=[03cc86e8210000cd3ed59a6200000001], Content-Type=[text/plain;charset=UTF-8]}]]
2020-07-07 22:19:09.438 INFO  com.dukascopy.api.impl.connect.AuthorizationClient - APIC: Ping API server URLs synchronously
2020-07-07 22:19:09.438 INFO  com.dukascopy.api.impl.connect.PingHelper - Selecting the best server...
2020-07-07 22:19:09.620 INFO  com.dukascopy.api.impl.connect.PingHelper - The ping start time=2020-07-07 22:19:09:620
2020-07-07 22:19:09.974 INFO  com.dukascopy.api.impl.connect.PingHelper - The ping end time=2020-07-07 22:19:09:974, the ping processing time=[354]ms
2020-07-07 22:19:09.974 DEBUG com.dukascopy.api.impl.connect.PingHelper - Best api url [d-ja-gva-121-130-118.dukascopy.com:10443] with time [47]
2020-07-07 22:19:09.974 INFO  com.dukascopy.dds2.greed.ping.ApiServerManager - APIC: The ping is finished, the fastest API server is saved: d-ja-gva-121-130-118.dukascopy.com:10443 (47 ms)
2020-07-07 22:19:09.974 DEBUG com.dukascopy.api.impl.connect.TesterClientImpl - d-ja-gva-121-130-118.dukascopy.com:10443@90f44849dc6591ccbd15f133c7c7703527fe9f96f2a31dd15e8e70c56a363ebc
2020-07-07 22:19:09.990 INFO  com.dukascopy.dds2.greed.util.FilePathManager - WL info is unavailable. Use default App folder for Platform data:  C:\Users\ariccini\AppData\Local\JForex
2020-07-07 22:19:10.538 WARN  com.dukascopy.charts.data.datacache.FeedDataProvider - JStore is disabled for the current user
2020-07-07 22:19:10.553 DEBUG com.dukascopy.api.impl.connect.TesterClientImpl - UserAgent: {"clientType":"DDS3_JFOREXSDK","javaVersion":"1.8.0_241","jvmVersion":"25.241-b07","clientVersion":"318.4.101","osName":"Windows 10"}
2020-07-07 22:19:15.761 INFO  com.dukascopy.dds2.greed.connection.GreedClientAuthorizationProvider - !!!:Thread[(NettyTransportClient-0) ClientConnector,6,main]
2020-07-07 22:19:15.763 INFO  com.dukascopy.dds4.transport.client.netty.ClientConnector - Authorize task in queue, server address [d-ja-gva-121-130-118.dukascopy.com/194.8.15.118:10443], transport name [NettyTransportClient-0]
2020-07-07 22:19:15.763 DEBUG com.dukascopy.api.impl.connect.TesterClientImpl - Authorized
2020-07-07 22:19:15.778 INFO  com.dukascopy.api.instrument.subscribe.InstrumentManager - InstrumentManager created.
2020-07-07 22:19:15.869 ERROR com.dukascopy.charts.data.datacache.time.TimeManager - Failed to log server time loaded
java.lang.NullPointerException
	at com.dukascopy.charts.data.datacache.time.TimeManager.logServerTimeLoaded(TimeManager.java:385)
	at com.dukascopy.charts.data.datacache.time.TimeManager.requestServerTime(TimeManager.java:366)
	at com.dukascopy.charts.data.datacache.time.TimeManager.access$400(TimeManager.java:42)
	at com.dukascopy.charts.data.datacache.time.TimeManager$4.run(TimeManager.java:286)
	at java.util.concurrent.Executors$RunnableAdapter.call(Executors.java:511)
	at java.util.concurrent.FutureTask.run(FutureTask.java:266)
	at java.util.concurrent.ThreadPoolExecutor.runWorker(ThreadPoolExecutor.java:1149)
	at java.util.concurrent.ThreadPoolExecutor$Worker.run(ThreadPoolExecutor.java:624)
	at java.lang.Thread.run(Thread.java:748)
2020-07-07 22:19:16.308 WARN  com.dukascopy.api.impl.connect.WLabelData - White Label Image is not received
2020-07-07 22:19:16.308 INFO  jforex.tester.client.gui.TesterMainGUIMode - Connected
2020-07-07 22:19:16.311 INFO  jforex.tester.client.gui.TesterClientRunner - from: 2017/01/16 00:00:00 to: 2020/07/07 23:00:00
2020-07-07 22:19:16.311 INFO  jforex.tester.client.gui.TesterClientRunner - Subscribing instruments...
2020-07-07 22:19:16.616 INFO  jforex.tester.client.gui.TesterClientRunner - Downloading data
2020-07-07 22:19:16.627 INFO  com.dukascopy.charts.data.datacache.metadata.FeedMetadataManager - Loading first times for [EUR/USD]...
2020-07-07 22:19:16.693 INFO  com.dukascopy.charts.data.datacache.metadata.FeedMetadataManager - First times loaded {EUR/USD={Ticks=1052082000914, 1 Min=1052082000000, Hourly=1052082000000, Daily=99792000000}}
2020-07-07 22:29:10.569 ERROR com.dukascopy.charts.data.datacache.time.TimeManager - Failed to log server time loaded
java.lang.NullPointerException
	at com.dukascopy.charts.data.datacache.time.TimeManager.logServerTimeLoaded(TimeManager.java:385)
	at com.dukascopy.charts.data.datacache.time.TimeManager.requestServerTime(TimeManager.java:366)
	at com.dukascopy.charts.data.datacache.time.TimeManager.access$400(TimeManager.java:42)
	at com.dukascopy.charts.data.datacache.time.TimeManager$4.run(TimeManager.java:286)
	at java.util.concurrent.Executors$RunnableAdapter.call(Executors.java:511)
	at java.util.concurrent.FutureTask.run(FutureTask.java:266)
	at java.util.concurrent.ThreadPoolExecutor.runWorker(ThreadPoolExecutor.java:1149)
	at java.util.concurrent.ThreadPoolExecutor$Worker.run(ThreadPoolExecutor.java:624)
	at java.lang.Thread.run(Thread.java:748)
2020-07-07 22:38:28.862 INFO  com.dukascopy.charts.data.datacache.core.lock.GlobalLock - Lock on file C:\Users\ariccini\AppData\Local\JForex\.cache\EURUSD\2019\10\04\01h_ticks.bi5.lck is finally taken after 1 unsuccessful attempts
2020-07-07 22:38:28.971 INFO  com.dukascopy.charts.data.datacache.core.lock.GlobalLock - Lock on file C:\Users\ariccini\AppData\Local\JForex\.cache\EURUSD\2019\10\04\12h_ticks.bi5.lck is finally taken after 1 unsuccessful attempts
2020-07-07 22:38:29.079 INFO  com.dukascopy.charts.data.datacache.core.lock.GlobalLock - Lock on file C:\Users\ariccini\AppData\Local\JForex\.cache\EURUSD\2019\10\04\22h_ticks.bi5.lck is finally taken after 1 unsuccessful attempts
2020-07-07 22:38:31.237 INFO  com.dukascopy.charts.data.datacache.core.lock.GlobalLock - Lock on file C:\Users\ariccini\AppData\Local\JForex\.cache\EURUSD\2019\10\07\06h_ticks.bi5.lck is finally taken after 1 unsuccessful attempts
2020-07-07 22:38:34.900 INFO  com.dukascopy.charts.data.datacache.core.lock.GlobalLock - Lock on file C:\Users\ariccini\AppData\Local\JForex\.cache\EURUSD\2019\10\15\09h_ticks.bi5.lck is finally taken after 1 unsuccessful attempts
2020-07-07 22:38:35.008 INFO  com.dukascopy.charts.data.datacache.core.lock.GlobalLock - Lock on file C:\Users\ariccini\AppData\Local\JForex\.cache\EURUSD\2019\10\15\20h_ticks.bi5.lck is finally taken after 1 unsuccessful attempts
2020-07-07 22:38:35.159 INFO  com.dukascopy.charts.data.datacache.core.lock.GlobalLock - Lock on file C:\Users\ariccini\AppData\Local\JForex\.cache\EURUSD\2019\10\16\16h_ticks.bi5.lck is finally taken after 1 unsuccessful attempts
2020-07-07 22:38:35.356 INFO  com.dukascopy.charts.data.datacache.core.lock.GlobalLock - Lock on file C:\Users\ariccini\AppData\Local\JForex\.cache\EURUSD\2019\10\17\06h_ticks.bi5.lck is finally taken after 1 unsuccessful attempts
2020-07-07 22:38:42.825 INFO  com.dukascopy.charts.data.datacache.core.lock.GlobalLock - Lock on file C:\Users\ariccini\AppData\Local\JForex\.cache\EURUSD\2019\11\03\10h_ticks.bi5.lck is finally taken after 1 unsuccessful attempts
2020-07-07 22:38:42.932 INFO  com.dukascopy.charts.data.datacache.core.lock.GlobalLock - Lock on file C:\Users\ariccini\AppData\Local\JForex\.cache\EURUSD\2019\11\03\21h_ticks.bi5.lck is finally taken after 1 unsuccessful attempts
2020-07-07 22:38:44.226 INFO  com.dukascopy.charts.data.datacache.core.lock.GlobalLock - Lock on file C:\Users\ariccini\AppData\Local\JForex\.cache\EURUSD\2019\11\05\06h_ticks.bi5.lck is finally taken after 1 unsuccessful attempts
2020-07-07 22:38:44.333 INFO  com.dukascopy.charts.data.datacache.core.lock.GlobalLock - Lock on file C:\Users\ariccini\AppData\Local\JForex\.cache\EURUSD\2019\11\05\16h_ticks.bi5.lck is finally taken after 1 unsuccessful attempts
2020-07-07 22:38:44.934 INFO  com.dukascopy.charts.data.datacache.core.lock.GlobalLock - Lock on file C:\Users\ariccini\AppData\Local\JForex\.cache\EURUSD\2019\11\06\15h_ticks.bi5.lck is finally taken after 1 unsuccessful attempts
2020-07-07 22:38:54.623 INFO  com.dukascopy.charts.data.datacache.core.lock.GlobalLock - Lock on file C:\Users\ariccini\AppData\Local\JForex\.cache\EURUSD\2019\11\24\21h_ticks.bi5.lck is finally taken after 1 unsuccessful attempts
2020-07-07 22:38:54.777 INFO  com.dukascopy.charts.data.datacache.core.lock.GlobalLock - Lock on file C:\Users\ariccini\AppData\Local\JForex\.cache\EURUSD\2019\11\25\08h_ticks.bi5.lck is finally taken after 1 unsuccessful attempts
2020-07-07 22:38:55.345 INFO  com.dukascopy.charts.data.datacache.core.lock.GlobalLock - Lock on file C:\Users\ariccini\AppData\Local\JForex\.cache\EURUSD\2019\11\26\14h_ticks.bi5.lck is finally taken after 1 unsuccessful attempts
2020-07-07 22:38:56.031 INFO  com.dukascopy.charts.data.datacache.core.lock.GlobalLock - Lock on file C:\Users\ariccini\AppData\Local\JForex\.cache\EURUSD\2019\11\27\13h_ticks.bi5.lck is finally taken after 1 unsuccessful attempts
2020-07-07 22:38:58.712 INFO  com.dukascopy.charts.data.datacache.core.lock.GlobalLock - Lock on file C:\Users\ariccini\AppData\Local\JForex\.cache\EURUSD\2020\00\02\09h_ticks.bi5.lck is finally taken after 1 unsuccessful attempts
2020-07-07 22:38:58.819 INFO  com.dukascopy.charts.data.datacache.core.lock.GlobalLock - Lock on file C:\Users\ariccini\AppData\Local\JForex\.cache\EURUSD\2020\00\02\17h_ticks.bi5.lck is finally taken after 1 unsuccessful attempts
2020-07-07 22:39:00.440 INFO  com.dukascopy.charts.data.datacache.core.lock.GlobalLock - Lock on file C:\Users\ariccini\AppData\Local\JForex\.cache\EURUSD\2020\00\06\08h_ticks.bi5.lck is finally taken after 1 unsuccessful attempts
2020-07-07 22:39:01.270 INFO  com.dukascopy.charts.data.datacache.core.lock.GlobalLock - Lock on file C:\Users\ariccini\AppData\Local\JForex\.cache\EURUSD\2020\00\07\04h_ticks.bi5.lck is finally taken after 1 unsuccessful attempts
2020-07-07 22:39:01.377 INFO  com.dukascopy.charts.data.datacache.core.lock.GlobalLock - Lock on file C:\Users\ariccini\AppData\Local\JForex\.cache\EURUSD\2020\00\07\14h_ticks.bi5.lck is finally taken after 1 unsuccessful attempts
2020-07-07 22:39:10.558 ERROR com.dukascopy.charts.data.datacache.time.TimeManager - Failed to log server time loaded
java.lang.NullPointerException
	at com.dukascopy.charts.data.datacache.time.TimeManager.logServerTimeLoaded(TimeManager.java:385)
	at com.dukascopy.charts.data.datacache.time.TimeManager.requestServerTime(TimeManager.java:366)
	at com.dukascopy.charts.data.datacache.time.TimeManager.access$400(TimeManager.java:42)
	at com.dukascopy.charts.data.datacache.time.TimeManager$4.run(TimeManager.java:286)
	at java.util.concurrent.Executors$RunnableAdapter.call(Executors.java:511)
	at java.util.concurrent.FutureTask.run(FutureTask.java:266)
	at java.util.concurrent.ThreadPoolExecutor.runWorker(ThreadPoolExecutor.java:1149)
	at java.util.concurrent.ThreadPoolExecutor$Worker.run(ThreadPoolExecutor.java:624)
	at java.lang.Thread.run(Thread.java:748)
2020-07-07 22:39:11.902 INFO  com.dukascopy.charts.data.datacache.core.lock.GlobalLock - Lock on file C:\Users\ariccini\AppData\Local\JForex\.cache\EURUSD\2020\00\23\13h_ticks.bi5.lck is finally taken after 1 unsuccessful attempts
2020-07-07 22:39:12.550 INFO  com.dukascopy.charts.data.datacache.core.lock.GlobalLock - Lock on file C:\Users\ariccini\AppData\Local\JForex\.cache\EURUSD\2020\00\24\20h_ticks.bi5.lck is finally taken after 1 unsuccessful attempts
2020-07-07 22:39:13.583 INFO  com.dukascopy.charts.data.datacache.core.lock.GlobalLock - Lock on file C:\Users\ariccini\AppData\Local\JForex\.cache\EURUSD\2020\00\27\16h_ticks.bi5.lck is finally taken after 1 unsuccessful attempts
2020-07-07 22:39:14.339 INFO  com.dukascopy.charts.data.datacache.core.lock.GlobalLock - Lock on file C:\Users\ariccini\AppData\Local\JForex\.cache\EURUSD\2020\00\28\14h_ticks.bi5.lck is finally taken after 1 unsuccessful attempts
2020-07-07 22:39:15.325 INFO  com.dukascopy.charts.data.datacache.core.lock.GlobalLock - Lock on file C:\Users\ariccini\AppData\Local\JForex\.cache\EURUSD\2020\00\29\18h_ticks.bi5.lck is finally taken after 1 unsuccessful attempts
2020-07-07 22:39:15.431 INFO  com.dukascopy.charts.data.datacache.core.lock.GlobalLock - Lock on file C:\Users\ariccini\AppData\Local\JForex\.cache\EURUSD\2020\00\29\23h_ticks.bi5.lck is finally taken after 1 unsuccessful attempts
2020-07-07 22:39:17.074 INFO  com.dukascopy.charts.data.datacache.core.lock.GlobalLock - Lock on file C:\Users\ariccini\AppData\Local\JForex\.cache\EURUSD\2020\00\31\18h_ticks.bi5.lck is finally taken after 1 unsuccessful attempts
2020-07-07 22:39:17.912 INFO  com.dukascopy.charts.data.datacache.core.lock.GlobalLock - Lock on file C:\Users\ariccini\AppData\Local\JForex\.cache\EURUSD\2020\01\03\00h_ticks.bi5.lck is finally taken after 1 unsuccessful attempts
2020-07-07 22:39:18.021 INFO  com.dukascopy.charts.data.datacache.core.lock.GlobalLock - Lock on file C:\Users\ariccini\AppData\Local\JForex\.cache\EURUSD\2020\01\03\11h_ticks.bi5.lck is finally taken after 1 unsuccessful attempts
2020-07-07 22:39:18.130 INFO  com.dukascopy.charts.data.datacache.core.lock.GlobalLock - Lock on file C:\Users\ariccini\AppData\Local\JForex\.cache\EURUSD\2020\01\03\22h_ticks.bi5.lck is finally taken after 1 unsuccessful attempts
2020-07-07 22:39:18.641 INFO  com.dukascopy.charts.data.datacache.core.lock.GlobalLock - Lock on file C:\Users\ariccini\AppData\Local\JForex\.cache\EURUSD\2020\01\04\04h_ticks.bi5.lck is finally taken after 1 unsuccessful attempts
2020-07-07 22:39:18.750 INFO  com.dukascopy.charts.data.datacache.core.lock.GlobalLock - Lock on file C:\Users\ariccini\AppData\Local\JForex\.cache\EURUSD\2020\01\04\15h_ticks.bi5.lck is finally taken after 1 unsuccessful attempts
2020-07-07 22:39:31.189 INFO  com.dukascopy.charts.data.datacache.core.lock.GlobalLock - Lock on file C:\Users\ariccini\AppData\Local\JForex\.cache\EURUSD\2020\01\27\14h_ticks.bi5.lck is finally taken after 1 unsuccessful attempts
2020-07-07 22:39:32.467 INFO  com.dukascopy.charts.data.datacache.core.lock.GlobalLock - Lock on file C:\Users\ariccini\AppData\Local\JForex\.cache\EURUSD\2020\01\28\14h_ticks.bi5.lck is finally taken after 1 unsuccessful attempts
2020-07-07 22:39:33.859 INFO  com.dukascopy.charts.data.datacache.core.lock.GlobalLock - Lock on file C:\Users\ariccini\AppData\Local\JForex\.cache\EURUSD\2020\02\02\00h_ticks.bi5.lck is finally taken after 1 unsuccessful attempts
2020-07-07 22:39:33.966 INFO  com.dukascopy.charts.data.datacache.core.lock.GlobalLock - Lock on file C:\Users\ariccini\AppData\Local\JForex\.cache\EURUSD\2020\02\02\09h_ticks.bi5.lck is finally taken after 1 unsuccessful attempts
2020-07-07 22:39:34.073 INFO  com.dukascopy.charts.data.datacache.core.lock.GlobalLock - Lock on file C:\Users\ariccini\AppData\Local\JForex\.cache\EURUSD\2020\02\02\17h_ticks.bi5.lck is finally taken after 1 unsuccessful attempts
2020-07-07 22:39:35.194 INFO  com.dukascopy.charts.data.datacache.core.lock.GlobalLock - Lock on file C:\Users\ariccini\AppData\Local\JForex\.cache\EURUSD\2020\02\03\18h_ticks.bi5.lck is finally taken after 1 unsuccessful attempts
2020-07-07 22:39:35.975 INFO  com.dukascopy.charts.data.datacache.core.lock.GlobalLock - Lock on file C:\Users\ariccini\AppData\Local\JForex\.cache\EURUSD\2020\02\04\09h_ticks.bi5.lck is finally taken after 1 unsuccessful attempts
2020-07-07 22:39:36.090 INFO  com.dukascopy.charts.data.datacache.core.lock.GlobalLock - Lock on file C:\Users\ariccini\AppData\Local\JForex\.cache\EURUSD\2020\02\04\17h_ticks.bi5.lck is finally taken after 1 unsuccessful attempts
2020-07-07 22:39:36.855 INFO  com.dukascopy.charts.data.datacache.core.lock.GlobalLock - Lock on file C:\Users\ariccini\AppData\Local\JForex\.cache\EURUSD\2020\02\05\01h_ticks.bi5.lck is finally taken after 1 unsuccessful attempts
2020-07-07 22:39:36.964 INFO  com.dukascopy.charts.data.datacache.core.lock.GlobalLock - Lock on file C:\Users\ariccini\AppData\Local\JForex\.cache\EURUSD\2020\02\05\12h_ticks.bi5.lck is finally taken after 1 unsuccessful attempts
2020-07-07 22:39:37.071 INFO  com.dukascopy.charts.data.datacache.core.lock.GlobalLock - Lock on file C:\Users\ariccini\AppData\Local\JForex\.cache\EURUSD\2020\02\05\21h_ticks.bi5.lck is finally taken after 1 unsuccessful attempts
2020-07-07 22:40:11.313 INFO  com.dukascopy.charts.data.datacache.core.lock.GlobalLock - Lock on file C:\Users\ariccini\AppData\Local\JForex\.cache\EURUSD\2020\03\02\19h_ticks.bi5.lck is finally taken after 1 unsuccessful attempts
2020-07-07 22:40:13.410 INFO  com.dukascopy.charts.data.datacache.core.lock.GlobalLock - Lock on file C:\Users\ariccini\AppData\Local\JForex\.cache\EURUSD\2020\03\05\13h_ticks.bi5.lck is finally taken after 1 unsuccessful attempts
2020-07-07 22:40:16.567 INFO  com.dukascopy.charts.data.datacache.core.lock.GlobalLock - Lock on file C:\Users\ariccini\AppData\Local\JForex\.cache\EURUSD\2020\03\07\22h_ticks.bi5.lck is finally taken after 1 unsuccessful attempts
2020-07-07 22:40:17.744 INFO  com.dukascopy.charts.data.datacache.core.lock.GlobalLock - Lock on file C:\Users\ariccini\AppData\Local\JForex\.cache\EURUSD\2020\03\08\04h_ticks.bi5.lck is finally taken after 1 unsuccessful attempts
2020-07-07 22:40:19.242 INFO  com.dukascopy.charts.data.datacache.core.lock.GlobalLock - Lock on file C:\Users\ariccini\AppData\Local\JForex\.cache\EURUSD\2020\03\09\00h_ticks.bi5.lck is finally taken after 1 unsuccessful attempts
2020-07-07 22:40:19.347 INFO  com.dukascopy.charts.data.datacache.core.lock.GlobalLock - Lock on file C:\Users\ariccini\AppData\Local\JForex\.cache\EURUSD\2020\03\09\05h_ticks.bi5.lck is finally taken after 1 unsuccessful attempts
2020-07-07 22:40:19.457 INFO  com.dukascopy.charts.data.datacache.core.lock.GlobalLock - Lock on file C:\Users\ariccini\AppData\Local\JForex\.cache\EURUSD\2020\03\09\13h_ticks.bi5.lck is finally taken after 1 unsuccessful attempts
2020-07-07 22:40:19.565 INFO  com.dukascopy.charts.data.datacache.core.lock.GlobalLock - Lock on file C:\Users\ariccini\AppData\Local\JForex\.cache\EURUSD\2020\03\09\21h_ticks.bi5.lck is finally taken after 1 unsuccessful attempts
2020-07-07 22:40:20.725 INFO  com.dukascopy.charts.data.datacache.core.lock.GlobalLock - Lock on file C:\Users\ariccini\AppData\Local\JForex\.cache\EURUSD\2020\03\12\10h_ticks.bi5.lck is finally taken after 1 unsuccessful attempts
2020-07-07 22:40:21.360 INFO  com.dukascopy.charts.data.datacache.core.lock.GlobalLock - Lock on file C:\Users\ariccini\AppData\Local\JForex\.cache\EURUSD\2020\03\13\07h_ticks.bi5.lck is finally taken after 1 unsuccessful attempts
2020-07-07 22:40:21.467 INFO  com.dukascopy.charts.data.datacache.core.lock.GlobalLock - Lock on file C:\Users\ariccini\AppData\Local\JForex\.cache\EURUSD\2020\03\13\17h_ticks.bi5.lck is finally taken after 1 unsuccessful attempts
2020-07-07 22:40:22.224 INFO  com.dukascopy.charts.data.datacache.core.lock.GlobalLock - Lock on file C:\Users\ariccini\AppData\Local\JForex\.cache\EURUSD\2020\03\14\00h_ticks.bi5.lck is finally taken after 1 unsuccessful attempts
2020-07-07 22:40:22.331 INFO  com.dukascopy.charts.data.datacache.core.lock.GlobalLock - Lock on file C:\Users\ariccini\AppData\Local\JForex\.cache\EURUSD\2020\03\14\10h_ticks.bi5.lck is finally taken after 1 unsuccessful attempts
2020-07-07 22:40:22.438 INFO  com.dukascopy.charts.data.datacache.core.lock.GlobalLock - Lock on file C:\Users\ariccini\AppData\Local\JForex\.cache\EURUSD\2020\03\14\19h_ticks.bi5.lck is finally taken after 1 unsuccessful attempts
2020-07-07 22:40:23.088 INFO  com.dukascopy.charts.data.datacache.core.lock.GlobalLock - Lock on file C:\Users\ariccini\AppData\Local\JForex\.cache\EURUSD\2020\03\15\06h_ticks.bi5.lck is finally taken after 1 unsuccessful attempts
2020-07-07 22:40:23.195 INFO  com.dukascopy.charts.data.datacache.core.lock.GlobalLock - Lock on file C:\Users\ariccini\AppData\Local\JForex\.cache\EURUSD\2020\03\15\15h_ticks.bi5.lck is finally taken after 1 unsuccessful attempts
2020-07-07 22:40:24.210 INFO  com.dukascopy.charts.data.datacache.core.lock.GlobalLock - Lock on file C:\Users\ariccini\AppData\Local\JForex\.cache\EURUSD\2020\03\16\21h_ticks.bi5.lck is finally taken after 1 unsuccessful attempts
2020-07-07 22:40:34.004 INFO  com.dukascopy.charts.data.datacache.core.lock.GlobalLock - Lock on file C:\Users\ariccini\AppData\Local\JForex\.cache\EURUSD\2020\04\02\05h_ticks.bi5.lck is finally taken after 1 unsuccessful attempts
2020-07-07 22:40:34.133 INFO  com.dukascopy.charts.data.datacache.core.lock.GlobalLock - Lock on file C:\Users\ariccini\AppData\Local\JForex\.cache\EURUSD\2020\04\02\20h_ticks.bi5.lck is finally taken after 1 unsuccessful attempts
2020-07-07 22:40:34.352 INFO  com.dukascopy.charts.data.datacache.core.lock.GlobalLock - Lock on file C:\Users\ariccini\AppData\Local\JForex\.cache\EURUSD\2020\04\03\12h_ticks.bi5.lck is finally taken after 1 unsuccessful attempts
2020-07-07 22:40:35.077 INFO  com.dukascopy.charts.data.datacache.core.lock.GlobalLock - Lock on file C:\Users\ariccini\AppData\Local\JForex\.cache\EURUSD\2020\04\04\11h_ticks.bi5.lck is finally taken after 1 unsuccessful attempts
2020-07-07 22:40:35.188 INFO  com.dukascopy.charts.data.datacache.core.lock.GlobalLock - Lock on file C:\Users\ariccini\AppData\Local\JForex\.cache\EURUSD\2020\04\04\16h_ticks.bi5.lck is finally taken after 1 unsuccessful attempts
2020-07-07 22:40:35.297 INFO  com.dukascopy.charts.data.datacache.core.lock.GlobalLock - Lock on file C:\Users\ariccini\AppData\Local\JForex\.cache\EURUSD\2020\04\04\23h_ticks.bi5.lck is finally taken after 1 unsuccessful attempts
2020-07-07 22:40:36.046 INFO  com.dukascopy.charts.data.datacache.core.lock.GlobalLock - Lock on file C:\Users\ariccini\AppData\Local\JForex\.cache\EURUSD\2020\04\05\12h_ticks.bi5.lck is finally taken after 1 unsuccessful attempts
2020-07-07 22:40:36.153 INFO  com.dukascopy.charts.data.datacache.core.lock.GlobalLock - Lock on file C:\Users\ariccini\AppData\Local\JForex\.cache\EURUSD\2020\04\05\22h_ticks.bi5.lck is finally taken after 1 unsuccessful attempts
2020-07-07 22:40:36.876 INFO  com.dukascopy.charts.data.datacache.core.lock.GlobalLock - Lock on file C:\Users\ariccini\AppData\Local\JForex\.cache\EURUSD\2020\04\06\13h_ticks.bi5.lck is finally taken after 1 unsuccessful attempts
2020-07-07 22:40:40.015 INFO  com.dukascopy.charts.data.datacache.core.lock.GlobalLock - Lock on file C:\Users\ariccini\AppData\Local\JForex\.cache\EURUSD\2020\04\12\03h_ticks.bi5.lck is finally taken after 1 unsuccessful attempts
2020-07-07 22:40:40.123 INFO  com.dukascopy.charts.data.datacache.core.lock.GlobalLock - Lock on file C:\Users\ariccini\AppData\Local\JForex\.cache\EURUSD\2020\04\12\13h_ticks.bi5.lck is finally taken after 1 unsuccessful attempts
2020-07-07 22:40:52.120 INFO  com.dukascopy.charts.data.datacache.core.lock.GlobalLock - Lock on file C:\Users\ariccini\AppData\Local\JForex\.cache\EURUSD\2020\05\01\20h_ticks.bi5.lck is finally taken after 1 unsuccessful attempts
2020-07-07 22:40:54.635 INFO  com.dukascopy.charts.data.datacache.core.lock.GlobalLock - Lock on file C:\Users\ariccini\AppData\Local\JForex\.cache\EURUSD\2020\05\03\14h_ticks.bi5.lck is finally taken after 1 unsuccessful attempts
2020-07-07 22:40:54.742 INFO  com.dukascopy.charts.data.datacache.core.lock.GlobalLock - Lock on file C:\Users\ariccini\AppData\Local\JForex\.cache\EURUSD\2020\05\03\20h_ticks.bi5.lck is finally taken after 1 unsuccessful attempts
2020-07-07 22:41:02.720 INFO  com.dukascopy.charts.data.datacache.core.lock.GlobalLock - Lock on file C:\Users\ariccini\AppData\Local\JForex\.cache\EURUSD\2020\05\11\02h_ticks.bi5.lck is finally taken after 1 unsuccessful attempts
2020-07-07 22:41:05.434 INFO  com.dukascopy.charts.data.datacache.core.lock.GlobalLock - Lock on file C:\Users\ariccini\AppData\Local\JForex\.cache\EURUSD\2020\05\15\05h_ticks.bi5.lck is finally taken after 1 unsuccessful attempts
2020-07-07 22:41:05.540 INFO  com.dukascopy.charts.data.datacache.core.lock.GlobalLock - Lock on file C:\Users\ariccini\AppData\Local\JForex\.cache\EURUSD\2020\05\15\13h_ticks.bi5.lck is finally taken after 1 unsuccessful attempts
2020-07-07 22:41:05.651 INFO  com.dukascopy.charts.data.datacache.core.lock.GlobalLock - Lock on file C:\Users\ariccini\AppData\Local\JForex\.cache\EURUSD\2020\05\15\23h_ticks.bi5.lck is finally taken after 1 unsuccessful attempts
2020-07-07 22:41:06.629 INFO  com.dukascopy.charts.data.datacache.core.lock.GlobalLock - Lock on file C:\Users\ariccini\AppData\Local\JForex\.cache\EURUSD\2020\05\16\09h_ticks.bi5.lck is finally taken after 1 unsuccessful attempts
2020-07-07 22:41:06.736 INFO  com.dukascopy.charts.data.datacache.core.lock.GlobalLock - Lock on file C:\Users\ariccini\AppData\Local\JForex\.cache\EURUSD\2020\05\16\16h_ticks.bi5.lck is finally taken after 1 unsuccessful attempts
2020-07-07 22:41:08.556 INFO  com.dukascopy.charts.data.datacache.core.lock.GlobalLock - Lock on file C:\Users\ariccini\AppData\Local\JForex\.cache\EURUSD\2020\05\18\12h_ticks.bi5.lck is finally taken after 1 unsuccessful attempts
2020-07-07 22:41:08.662 INFO  com.dukascopy.charts.data.datacache.core.lock.GlobalLock - Lock on file C:\Users\ariccini\AppData\Local\JForex\.cache\EURUSD\2020\05\18\20h_ticks.bi5.lck is finally taken after 1 unsuccessful attempts
2020-07-07 22:41:10.510 INFO  com.dukascopy.charts.data.datacache.core.lock.GlobalLock - Lock on file C:\Users\ariccini\AppData\Local\JForex\.cache\EURUSD\2020\05\22\04h_ticks.bi5.lck is finally taken after 1 unsuccessful attempts
2020-07-07 22:41:10.617 INFO  com.dukascopy.charts.data.datacache.core.lock.GlobalLock - Lock on file C:\Users\ariccini\AppData\Local\JForex\.cache\EURUSD\2020\05\22\13h_ticks.bi5.lck is finally taken after 1 unsuccessful attempts
2020-07-07 22:41:11.728 INFO  com.dukascopy.charts.data.datacache.core.lock.GlobalLock - Lock on file C:\Users\ariccini\AppData\Local\JForex\.cache\EURUSD\2020\05\23\02h_ticks.bi5.lck is finally taken after 1 unsuccessful attempts
2020-07-07 22:41:12.721 INFO  com.dukascopy.charts.data.datacache.core.lock.GlobalLock - Lock on file C:\Users\ariccini\AppData\Local\JForex\.cache\EURUSD\2020\05\24\03h_ticks.bi5.lck is finally taken after 1 unsuccessful attempts
2020-07-07 22:41:12.830 INFO  com.dukascopy.charts.data.datacache.core.lock.GlobalLock - Lock on file C:\Users\ariccini\AppData\Local\JForex\.cache\EURUSD\2020\05\24\13h_ticks.bi5.lck is finally taken after 1 unsuccessful attempts
2020-07-07 22:41:13.711 INFO  com.dukascopy.charts.data.datacache.core.lock.GlobalLock - Lock on file C:\Users\ariccini\AppData\Local\JForex\.cache\EURUSD\2020\05\25\08h_ticks.bi5.lck is finally taken after 1 unsuccessful attempts
2020-07-07 22:41:13.819 INFO  com.dukascopy.charts.data.datacache.core.lock.GlobalLock - Lock on file C:\Users\ariccini\AppData\Local\JForex\.cache\EURUSD\2020\05\25\17h_ticks.bi5.lck is finally taken after 1 unsuccessful attempts
2020-07-07 22:41:15.342 INFO  com.dukascopy.charts.data.datacache.core.lock.GlobalLock - Lock on file C:\Users\ariccini\AppData\Local\JForex\.cache\EURUSD\2020\05\29\00h_ticks.bi5.lck is finally taken after 1 unsuccessful attempts
2020-07-07 22:41:15.449 INFO  com.dukascopy.charts.data.datacache.core.lock.GlobalLock - Lock on file C:\Users\ariccini\AppData\Local\JForex\.cache\EURUSD\2020\05\29\10h_ticks.bi5.lck is finally taken after 1 unsuccessful attempts
2020-07-07 22:41:15.556 INFO  com.dukascopy.charts.data.datacache.core.lock.GlobalLock - Lock on file C:\Users\ariccini\AppData\Local\JForex\.cache\EURUSD\2020\05\29\20h_ticks.bi5.lck is finally taken after 1 unsuccessful attempts
2020-07-07 22:41:16.302 INFO  com.dukascopy.charts.data.datacache.core.lock.GlobalLock - Lock on file C:\Users\ariccini\AppData\Local\JForex\.cache\EURUSD\2020\05\30\23h_ticks.bi5.lck is finally taken after 1 unsuccessful attempts
2020-07-07 22:41:17.054 INFO  com.dukascopy.charts.data.datacache.core.lock.GlobalLock - Lock on file C:\Users\ariccini\AppData\Local\JForex\.cache\EURUSD\2020\06\01\09h_ticks.bi5.lck is finally taken after 1 unsuccessful attempts
2020-07-07 22:41:17.161 INFO  com.dukascopy.charts.data.datacache.core.lock.GlobalLock - Lock on file C:\Users\ariccini\AppData\Local\JForex\.cache\EURUSD\2020\06\01\19h_ticks.bi5.lck is finally taken after 1 unsuccessful attempts
2020-07-07 22:41:18.865 INFO  com.dukascopy.charts.data.datacache.core.lock.GlobalLock - Lock on file C:\Users\ariccini\AppData\Local\JForex\.cache\EURUSD\2020\06\03\08h_ticks.bi5.lck is finally taken after 1 unsuccessful attempts
2020-07-07 22:41:18.972 INFO  com.dukascopy.charts.data.datacache.core.lock.GlobalLock - Lock on file C:\Users\ariccini\AppData\Local\JForex\.cache\EURUSD\2020\06\03\18h_ticks.bi5.lck is finally taken after 1 unsuccessful attempts
2020-07-07 22:41:19.121 INFO  com.dukascopy.charts.data.datacache.core.lock.GlobalLock - Lock on file C:\Users\ariccini\AppData\Local\JForex\.cache\EURUSD\2020\06\04\15h_ticks.bi5.lck is finally taken after 1 unsuccessful attempts
2020-07-07 22:41:49.421 INFO  jforex.tester.client.gui.TesterClientRunner - Starting strategy
2020-07-07 22:41:49.606 ERROR com.dukascopy.charts.data.datacache.time.TimeManager - Failed to log server time loaded
java.lang.NullPointerException
	at com.dukascopy.charts.data.datacache.time.TimeManager.logServerTimeLoaded(TimeManager.java:385)
	at com.dukascopy.charts.data.datacache.time.TimeManager.requestServerTime(TimeManager.java:366)
	at com.dukascopy.charts.data.datacache.time.TimeManager.access$400(TimeManager.java:42)
	at com.dukascopy.charts.data.datacache.time.TimeManager$4.run(TimeManager.java:286)
	at java.util.concurrent.Executors$RunnableAdapter.call(Executors.java:511)
	at java.util.concurrent.FutureTask.run(FutureTask.java:266)
	at java.util.concurrent.ThreadPoolExecutor.runWorker(ThreadPoolExecutor.java:1149)
	at java.util.concurrent.ThreadPoolExecutor$Worker.run(ThreadPoolExecutor.java:624)
	at java.lang.Thread.run(Thread.java:748)
2020-07-07 22:41:52.431 INFO  jforex.tester.client.gui.TesterMainGUIMode - Strategy started: 0
2020-07-07 22:41:52.432 INFO  jforex.tester.client.gui.TesterClientRunner - Getting prices before start time
2020-07-07 22:41:52.476 INFO  jforex.tester.client.gui.TesterClientRunner - Creating data loading threads
2020-07-07 22:41:52.485 INFO  jforex.tester.client.gui.TesterClientRunner - Getting prices before start time
